<?xml version="1.0" encoding="UTF-8"?>
<testng-results skipped="0" failed="0" ignored="0" total="1" passed="1">
  <reporter-output>
  </reporter-output>
  <suite name="Default suite" duration-ms="29902" started-at="2019-08-03T15:17:24Z" finished-at="2019-08-03T15:17:54Z">
    <groups>
    </groups>
    <test name="Default test" duration-ms="29902" started-at="2019-08-03T15:17:24Z" finished-at="2019-08-03T15:17:54Z">
      <class name="fblogs.Facebook">
        <test-method status="PASS" signature="logs()[pri:0, instance:fblogs.Facebook@4520ebad]" name="logs" is-config="true" duration-ms="27815" started-at="2019-08-03T20:47:24Z" finished-at="2019-08-03T20:47:52Z">
          <reporter-output>
          </reporter-output>
        </test-method> <!-- logs -->
        <test-method status="PASS" signature="login()[pri:0, instance:fblogs.Facebook@4520ebad]" name="login" duration-ms="1973" started-at="2019-08-03T20:47:52Z" finished-at="2019-08-03T20:47:54Z">
          <reporter-output>
          </reporter-output>
        </test-method> <!-- login -->
      </class> <!-- fblogs.Facebook -->
    </test> <!-- Default test -->
  </suite> <!-- Default suite -->
</testng-results>
